[2025-12-22T22:25:48-05:00] [SUCCESS] PocketBase Database is accessible
[2025-12-22T22:25:48-05:00] [SUCCESS] Web Application is accessible
[2025-12-22T22:25:48-05:00] [SUCCESS] Chrome CDP is available
[2025-12-22T22:25:48-05:00] [SUCCESS] PocketBase Collections
[2025-12-22T22:25:48-05:00] [SUCCESS] Application HTML Serving
[2025-12-22T22:25:48-05:00] [SUCCESS] API Endpoints Response
[2025-12-22T22:25:49-05:00] [SUCCESS] CDP Browser Connection
[2025-12-22T22:25:53-05:00] [ERROR] Browser Page Loading & Console Errors
[2025-12-22T22:25:53-05:00] [SUCCESS] PocketBase Admin configured
[2025-12-22T22:25:53-05:00] [SUCCESS] Database collections created (18 found)
[2025-12-22T22:25:53-05:00] [ERROR] DIAGNOSTIC COMPLETE: 1 issues found that need fixing
[2025-12-22T22:27:06-05:00] [SUCCESS] PocketBase Database is accessible
[2025-12-22T22:27:06-05:00] [SUCCESS] Web Application is accessible
[2025-12-22T22:27:06-05:00] [SUCCESS] Chrome CDP is available
[2025-12-22T22:27:07-05:00] [SUCCESS] PocketBase Collections
[2025-12-22T22:27:07-05:00] [SUCCESS] Application HTML Serving
[2025-12-22T22:27:07-05:00] [SUCCESS] API Endpoints Response
[2025-12-22T22:27:07-05:00] [SUCCESS] CDP Browser Connection
[2025-12-22T22:27:11-05:00] [ERROR] Browser Page Loading & Console Errors
[2025-12-22T22:27:11-05:00] [SUCCESS] PocketBase Admin configured
[2025-12-22T22:27:12-05:00] [SUCCESS] Database collections created (18 found)
[2025-12-22T22:27:12-05:00] [ERROR] DIAGNOSTIC COMPLETE: 1 issues found that need fixing
[2025-12-22T22:27:35-05:00] [SUCCESS] PocketBase Database is accessible
[2025-12-22T22:27:35-05:00] [SUCCESS] Web Application is accessible
[2025-12-22T22:27:35-05:00] [SUCCESS] Chrome CDP is available
[2025-12-22T22:27:36-05:00] [SUCCESS] PocketBase Collections
[2025-12-22T22:27:36-05:00] [SUCCESS] Application HTML Serving
[2025-12-22T22:27:36-05:00] [SUCCESS] API Endpoints Response
[2025-12-22T22:27:36-05:00] [SUCCESS] CDP Browser Connection
[2025-12-22T22:27:40-05:00] [ERROR] Browser Page Loading & Console Errors
[2025-12-22T22:27:40-05:00] [SUCCESS] PocketBase Admin configured
[2025-12-22T22:27:40-05:00] [SUCCESS] Database collections created (18 found)
[2025-12-22T22:27:40-05:00] [ERROR] DIAGNOSTIC COMPLETE: 1 issues found that need fixing
[2025-12-22T22:28:05-05:00] [SUCCESS] PocketBase Database is accessible
[2025-12-22T22:28:05-05:00] [SUCCESS] Web Application is accessible
[2025-12-22T22:28:05-05:00] [SUCCESS] Chrome CDP is available
[2025-12-22T22:28:05-05:00] [SUCCESS] PocketBase Collections
[2025-12-22T22:28:05-05:00] [SUCCESS] Application HTML Serving
[2025-12-22T22:28:05-05:00] [SUCCESS] API Endpoints Response
[2025-12-22T22:28:05-05:00] [SUCCESS] CDP Browser Connection
[2025-12-22T22:28:09-05:00] [ERROR] Browser Page Loading & Console Errors
[2025-12-22T22:28:09-05:00] [SUCCESS] PocketBase Admin configured
[2025-12-22T22:28:10-05:00] [SUCCESS] Database collections created (18 found)
[2025-12-22T22:28:10-05:00] [ERROR] DIAGNOSTIC COMPLETE: 1 issues found that need fixing
[2025-12-22T22:28:38-05:00] [SUCCESS] PocketBase Database is accessible
[2025-12-22T22:28:38-05:00] [SUCCESS] Web Application is accessible
[2025-12-22T22:28:38-05:00] [SUCCESS] Chrome CDP is available
[2025-12-22T22:28:38-05:00] [SUCCESS] PocketBase Collections
[2025-12-22T22:28:38-05:00] [SUCCESS] Application HTML Serving
[2025-12-22T22:28:38-05:00] [SUCCESS] API Endpoints Response
[2025-12-22T22:28:38-05:00] [SUCCESS] CDP Browser Connection
[2025-12-22T22:28:42-05:00] [ERROR] Browser Page Loading & Console Errors
[2025-12-22T22:28:42-05:00] [SUCCESS] PocketBase Admin configured
[2025-12-22T22:28:43-05:00] [SUCCESS] Database collections created (18 found)
[2025-12-22T22:28:43-05:00] [ERROR] DIAGNOSTIC COMPLETE: 1 issues found that need fixing
[2025-12-22T22:28:58-05:00] [SUCCESS] PocketBase Database is accessible
[2025-12-22T22:28:58-05:00] [SUCCESS] Web Application is accessible
[2025-12-22T22:28:58-05:00] [SUCCESS] Chrome CDP is available
[2025-12-22T22:28:58-05:00] [SUCCESS] PocketBase Collections
[2025-12-22T22:28:58-05:00] [SUCCESS] Application HTML Serving
[2025-12-22T22:28:58-05:00] [SUCCESS] API Endpoints Response
[2025-12-22T22:28:58-05:00] [SUCCESS] CDP Browser Connection
[2025-12-22T22:29:03-05:00] [ERROR] Browser Page Loading & Console Errors
[2025-12-22T22:29:03-05:00] [SUCCESS] PocketBase Admin configured
[2025-12-22T22:29:03-05:00] [SUCCESS] Database collections created (18 found)
[2025-12-22T22:29:03-05:00] [ERROR] DIAGNOSTIC COMPLETE: 1 issues found that need fixing
[2025-12-22T22:29:15-05:00] [SUCCESS] PocketBase Database is accessible
[2025-12-22T22:29:15-05:00] [SUCCESS] Web Application is accessible
[2025-12-22T22:29:15-05:00] [SUCCESS] Chrome CDP is available
[2025-12-22T22:29:16-05:00] [SUCCESS] PocketBase Collections
[2025-12-22T22:29:16-05:00] [SUCCESS] Application HTML Serving
[2025-12-22T22:29:16-05:00] [SUCCESS] API Endpoints Response
[2025-12-22T22:29:16-05:00] [SUCCESS] CDP Browser Connection
[2025-12-22T22:29:20-05:00] [ERROR] Browser Page Loading & Console Errors
[2025-12-22T22:29:20-05:00] [SUCCESS] PocketBase Admin configured
[2025-12-22T22:29:20-05:00] [SUCCESS] Database collections created (18 found)
[2025-12-22T22:29:20-05:00] [ERROR] DIAGNOSTIC COMPLETE: 1 issues found that need fixing
[2025-12-22T22:29:53-05:00] [SUCCESS] PocketBase Database is accessible
[2025-12-22T22:29:53-05:00] [ERROR] Web Application is not accessible
[2025-12-22T22:29:53-05:00] [SUCCESS] Chrome CDP is available
[2025-12-22T22:29:53-05:00] [SUCCESS] PocketBase Collections
[2025-12-22T22:29:53-05:00] [ERROR] Application HTML Serving
[2025-12-22T22:29:53-05:00] [ERROR] API Endpoints Response
[2025-12-22T22:29:54-05:00] [SUCCESS] CDP Browser Connection
[2025-12-22T22:29:54-05:00] [ERROR] Browser Page Loading & Console Errors
[2025-12-22T22:29:54-05:00] [SUCCESS] PocketBase Admin configured
[2025-12-22T22:29:54-05:00] [SUCCESS] Database collections created (18 found)
[2025-12-22T22:29:54-05:00] [ERROR] DIAGNOSTIC COMPLETE: 4 issues found that need fixing
[2025-12-22T22:30:14-05:00] [SUCCESS] PocketBase Database is accessible
[2025-12-22T22:30:14-05:00] [SUCCESS] Web Application is accessible
[2025-12-22T22:30:14-05:00] [SUCCESS] Chrome CDP is available
[2025-12-22T22:30:14-05:00] [SUCCESS] PocketBase Collections
[2025-12-22T22:30:14-05:00] [SUCCESS] Application HTML Serving
[2025-12-22T22:30:14-05:00] [SUCCESS] API Endpoints Response
[2025-12-22T22:30:14-05:00] [SUCCESS] CDP Browser Connection
[2025-12-22T22:30:19-05:00] [ERROR] Browser Page Loading & Console Errors
[2025-12-22T22:30:19-05:00] [SUCCESS] PocketBase Admin configured
[2025-12-22T22:30:19-05:00] [SUCCESS] Database collections created (18 found)
[2025-12-22T22:30:19-05:00] [ERROR] DIAGNOSTIC COMPLETE: 1 issues found that need fixing
[2025-12-22T22:31:10-05:00] [SUCCESS] PocketBase Database is accessible
[2025-12-22T22:31:10-05:00] [SUCCESS] Web Application is accessible
[2025-12-22T22:31:10-05:00] [SUCCESS] Chrome CDP is available
[2025-12-22T22:31:10-05:00] [SUCCESS] PocketBase Collections
[2025-12-22T22:31:10-05:00] [SUCCESS] Application HTML Serving
[2025-12-22T22:31:10-05:00] [SUCCESS] API Endpoints Response
[2025-12-22T22:31:10-05:00] [SUCCESS] CDP Browser Connection
[2025-12-22T22:31:15-05:00] [ERROR] Browser Page Loading & Console Errors
[2025-12-22T22:31:15-05:00] [SUCCESS] PocketBase Admin configured
[2025-12-22T22:31:15-05:00] [SUCCESS] Database collections created (18 found)
[2025-12-22T22:31:15-05:00] [ERROR] DIAGNOSTIC COMPLETE: 1 issues found that need fixing
[2025-12-22T22:33:42-05:00] [SUCCESS] PocketBase Database is accessible
[2025-12-22T22:33:42-05:00] [ERROR] Web Application is not accessible
[2025-12-22T22:33:42-05:00] [SUCCESS] Chrome CDP is available
[2025-12-22T22:33:43-05:00] [SUCCESS] PocketBase Collections
[2025-12-22T22:33:43-05:00] [ERROR] Application HTML Serving
[2025-12-22T22:33:43-05:00] [ERROR] API Endpoints Response
[2025-12-22T22:33:43-05:00] [SUCCESS] CDP Browser Connection
[2025-12-22T22:33:43-05:00] [ERROR] Browser Page Loading & Console Errors
[2025-12-22T22:33:43-05:00] [SUCCESS] PocketBase Admin configured
[2025-12-22T22:33:44-05:00] [SUCCESS] Database collections created (18 found)
[2025-12-22T22:33:44-05:00] [ERROR] DIAGNOSTIC COMPLETE: 4 issues found that need fixing
[2025-12-22T22:48:36-05:00] [SUCCESS] PocketBase Database is accessible
[2025-12-22T22:48:36-05:00] [ERROR] Web Application is not accessible
[2025-12-22T22:48:36-05:00] [SUCCESS] Chrome CDP is available
[2025-12-22T22:48:37-05:00] [SUCCESS] PocketBase Collections
[2025-12-22T22:48:37-05:00] [ERROR] Application HTML Serving
[2025-12-22T22:48:37-05:00] [ERROR] API Endpoints Response
[2025-12-22T22:48:37-05:00] [SUCCESS] CDP Browser Connection
[2025-12-22T22:48:37-05:00] [ERROR] Browser Page Loading & Console Errors
[2025-12-22T22:48:37-05:00] [SUCCESS] PocketBase Admin configured
[2025-12-22T22:48:38-05:00] [SUCCESS] Database collections created (23 found)
[2025-12-22T22:48:38-05:00] [ERROR] DIAGNOSTIC COMPLETE: 4 issues found that need fixing
[2025-12-22T22:48:43-05:00] [SUCCESS] PocketBase Database is accessible
[2025-12-22T22:48:43-05:00] [SUCCESS] Web Application is accessible
[2025-12-22T22:48:43-05:00] [SUCCESS] Chrome CDP is available
[2025-12-22T22:48:43-05:00] [SUCCESS] PocketBase Collections
[2025-12-22T22:48:43-05:00] [SUCCESS] Application HTML Serving
[2025-12-22T22:48:43-05:00] [SUCCESS] API Endpoints Response
[2025-12-22T22:48:44-05:00] [SUCCESS] CDP Browser Connection
[2025-12-22T22:48:48-05:00] [SUCCESS] Browser Page Loading & Console Errors
[2025-12-22T22:48:48-05:00] [SUCCESS] PocketBase Admin configured
[2025-12-22T22:48:48-05:00] [SUCCESS] Database collections created (23 found)
[2025-12-22T22:48:48-05:00] [SUCCESS] 🎉 ALL SYSTEMS OPERATIONAL!
[2025-12-22T22:48:48-05:00] [SUCCESS] DIAGNOSTIC COMPLETE: All systems operational -  checks passed
[2025-12-22T22:48:48-05:00] [SUCCESS] Your AI Scraper application is fully functional!
