
> smart-contract-security-app@1.0.0 start
> npx concurrently "npm run backend" "npm run frontend"

[0] 
[0] > smart-contract-security-app@1.0.0 backend
[0] > cd backend && npm run dev
[0] 
[1] 
[1] > smart-contract-security-app@1.0.0 frontend
[1] > cd frontend && npm start
[1] 
[0] 
[0] > backend@1.0.0 dev
[0] > ts-node-dev src/server.ts
[0] 
[1] 
[1] > frontend@0.1.0 start
[1] > react-scripts start
[1] 
[0] [INFO] 13:00:12 ts-node-dev ver. 2.0.0 (using ts-node ver. 10.9.2, typescript ver. 5.9.3)
[1] (node:34498) [DEP_WEBPACK_DEV_SERVER_ON_AFTER_SETUP_MIDDLEWARE] DeprecationWarning: 'onAfterSetupMiddleware' option is deprecated. Please use the 'setupMiddlewares' option.
[1] (Use `node --trace-deprecation ...` to show where the warning was created)
[1] (node:34498) [DEP_WEBPACK_DEV_SERVER_ON_BEFORE_SETUP_MIDDLEWARE] DeprecationWarning: 'onBeforeSetupMiddleware' option is deprecated. Please use the 'setupMiddlewares' option.
[1] Starting the development server...
[1] 
[0] [dotenv@17.2.3] injecting env (4) from .env -- tip: ⚙️  override existing env vars with { override: true }
[0] [dotenv@17.2.3] injecting env (0) from .env -- tip: ⚙️  write to custom object with { processEnv: myObject }
[0] Server running on port 3001
[0] npm run backend exited with code 0
[1] Compiled successfully!
[1] 
[1] You can now view frontend in the browser.
[1] 
[1]   Local:            http://localhost:3000
[1]   On Your Network:  http://192.168.0.31:3000
[1] 
[1] Note that the development build is not optimized.
[1] To create a production build, use npm run build.
[1] 
[1] webpack compiled successfully
